<?xml version="1.0" encoding="UTF-8"?>
<!-- Generated by org.testng.reporters.JUnitReportReporter -->
<testsuite skipped="0" hostname="Marion" name="testunit.PointDistanceTest" tests="1" failures="0" timestamp="2020-04-02T15:00:27 CEST" time="0.000" errors="0">
  <testcase name="DistanceTest" time="0.000" classname="testunit.PointDistanceTest"/>
  <system-out/>
</testsuite> <!-- testunit.PointDistanceTest -->
