<?xml version="1.0" encoding="UTF-8"?>
<!-- Generated by org.testng.reporters.JUnitReportReporter -->
<testsuite skipped="0" hostname="Marion" name="selenium.InterfaceWebTest" tests="3" failures="0" timestamp="2020-04-14T14:37:52 CEST" time="4.235" errors="0">
  <testcase name="interfaceTest" time="0.052" classname="selenium.InterfaceWebTest"/>
  <system-out/>
  <testcase name="completionNegativeTest" time="2.745" classname="selenium.InterfaceWebTest"/>
  <system-out/>
  <testcase name="completionTest" time="1.438" classname="selenium.InterfaceWebTest"/>
  <system-out/>
</testsuite> <!-- selenium.InterfaceWebTest -->
