<?xml version="1.0" encoding="UTF-8"?>
<!-- Generated by org.testng.reporters.JUnitReportReporter -->
<testsuite skipped="0" hostname="Marion" name="testunit.TriangleTest" tests="3" failures="0" timestamp="2020-04-14T14:37:52 CEST" time="0.004" errors="0">
  <testcase name="TriangleIsoceleTest" time="0.002" classname="testunit.TriangleTest"/>
  <system-out/>
  <testcase name="TriangleScaleneTest" time="0.000" classname="testunit.TriangleTest"/>
  <system-out/>
  <testcase name="TriangleRectangleTest" time="0.002" classname="testunit.TriangleTest"/>
  <system-out/>
</testsuite> <!-- testunit.TriangleTest -->
