<?xml version="1.0" encoding="UTF-8"?>
<!-- Generated by org.testng.reporters.JUnitReportReporter -->
<testsuite skipped="0" hostname="Marion" name="selenium.InterfaceWebErreurDeSaisieTest" tests="4" failures="0" timestamp="2020-04-14T14:37:52 CEST" time="2.806" errors="0">
  <testcase name="champVideTest" time="1.748" classname="selenium.InterfaceWebErreurDeSaisieTest"/>
  <system-out/>
  <testcase name="textTest" time="0.521" classname="selenium.InterfaceWebErreurDeSaisieTest"/>
  <system-out/>
  <testcase name="interfaceTest" time="0.051" classname="selenium.InterfaceWebErreurDeSaisieTest"/>
  <system-out/>
  <testcase name="virguleTest" time="0.486" classname="selenium.InterfaceWebErreurDeSaisieTest"/>
  <system-out/>
</testsuite> <!-- selenium.InterfaceWebErreurDeSaisieTest -->
